<?xml version="1.0" encoding="utf-8"?><testsuites name="pytest tests"><testsuite name="pytest" errors="0" failures="0" skipped="0" tests="13" time="17.305" timestamp="2026-08-08T10:33:12.835717+00:00" hostname="agent-env-c9b9564a-507f-4aa0-a130-73e41a8328c2"><testcase classname="tests.test_new_features.TestResumeParse" name="test_resume_parse_requires_auth" time="0.237" /><testcase classname="tests.test_new_features.TestPasswordReset" name="test_forgot_password_returns_dev_token_for_existing_user" time="0.735" /><testcase classname="tests.test_new_features.TestResumeParse" name="test_resume_parse_txt_returns_real_skills" time="5.599" /><testcase classname="tests.test_new_features.TestPasswordReset" name="test_forgot_password_unknown_email_no_token" time="0.093" /><testcase classname="tests.test_new_features.TestPasswordReset" name="test_reset_password_with_valid_token" time="2.303" /><testcase classname="tests.test_new_features.TestPasswordReset" name="test_reset_password_token_reuse_rejected" time="0.096" /><testcase classname="tests.test_new_features.TestPasswordReset" name="test_reset_password_invalid_token" time="0.095" /><testcase classname="tests.test_new_features.TestPasswordReset" name="test_demo_login_still_works_after_reset_tests" time="0.323" /><testcase classname="tests.test_new_features.TestInterview" name="test_interview_start_streams" time="4.357" /><testcase classname="tests.test_new_features.TestResumeParse" name="test_resume_parse_rejects_empty" time="0.154" /><testcase classname="tests.test_new_features.TestGoogleAuth" name="test_google_bad_session_id_401" time="0.181" /><testcase classname="tests.test_new_features.TestGoogleAuth" name="test_google_endpoint_exists" time="0.089" /><testcase classname="tests.test_new_features.TestInterview" name="test_interview_answer_returns_feedback" time="8.833" /></testsuite></testsuites>