<?xml version="1.0" encoding="utf-8"?><testsuites name="pytest tests"><testsuite name="pytest" errors="0" failures="0" skipped="0" tests="9" time="39.996" timestamp="2026-08-08T10:47:46.863223+00:00" hostname="agent-env-c9b9564a-507f-4aa0-a130-73e41a8328c2"><testcase classname="tests.test_new_features.TestResumeParse" name="test_resume_parse_requires_auth" time="0.224" /><testcase classname="tests.test_new_features.TestResumeScore" name="test_resume_score_requires_auth" time="0.224" /><testcase classname="tests.test_new_features.TestResumeScore" name="test_resume_score_default_career" time="19.123" /><testcase classname="tests.test_new_features.TestResumeParse" name="test_resume_parse_txt_returns_real_skills" time="5.652" /><testcase classname="tests.test_new_features.TestResumeParse" name="test_resume_parse_rejects_empty" time="0.164" /><testcase classname="tests.test_new_features.TestRegression" name="test_demo_login" time="0.359" /><testcase classname="tests.test_new_features.TestRegression" name="test_dashboard_loads" time="0.043" /><testcase classname="tests.test_new_features.TestResumeScore" name="test_resume_score_with_careerId" time="19.949" /><testcase classname="tests.test_new_features.TestResumeScore" name="test_resume_score_rejects_empty" time="0.157" /></testsuite></testsuites>