<?xml version="1.0" encoding="utf-8"?><testsuites name="pytest tests"><testsuite name="pytest" errors="0" failures="2" skipped="0" tests="21" time="7.188" timestamp="2026-08-08T10:13:47.922820+00:00" hostname="agent-env-c9b9564a-507f-4aa0-a130-73e41a8328c2"><testcase classname="tests.test_skillflow_backend.TestAuth" name="test_login_demo" time="0.776" /><testcase classname="tests.test_skillflow_backend.TestLearningPath" name="test_learning_path" time="0.777" /><testcase classname="tests.test_skillflow_backend.TestAuth" name="test_login_invalid" time="0.317" /><testcase classname="tests.test_skillflow_backend.TestLearningPath" name="test_toggle_step" time="0.319" /><testcase classname="tests.test_skillflow_backend.TestProjects" name="test_projects_list" time="0.043" /><testcase classname="tests.test_skillflow_backend.TestProjects" name="test_project_status_persist" time="0.347" /><testcase classname="tests.test_skillflow_backend.TestAuth" name="test_me_with_bearer" time="0.392" /><testcase classname="tests.test_skillflow_backend.TestAuth" name="test_me_without_token" time="0.132" /><testcase classname="tests.test_skillflow_backend.TestApplications" name="test_list_applications" time="0.045" /><testcase classname="tests.test_skillflow_backend.TestApplications" name="test_crud_application" time="0.408" /><testcase classname="tests.test_skillflow_backend.TestAuth" name="test_register_new_user" time="0.363"><failure message="AssertionError: assert 'test_user_29...5@example.com' == 'TEST_user_29...5@example.com'&#10;  &#10;  - TEST_user_295abbd5@example.com&#10;  ? ^^^^&#10;  + test_user_295abbd5@example.com&#10;  ? ^^^^">backend/tests/test_skillflow_backend.py:62: in test_register_new_user
    assert data["email"] == email
E   AssertionError: assert 'test_user_29...5@example.com' == 'TEST_user_29...5@example.com'
E     
E     - TEST_user_295abbd5@example.com
E     ? ^^^^
E     + test_user_295abbd5@example.com
E     ? ^^^^</failure></testcase><testcase classname="tests.test_skillflow_backend.TestProfile" name="test_proof_of_skills" time="0.044" /><testcase classname="tests.test_skillflow_backend.TestProfile" name="test_profile_update" time="0.067" /><testcase classname="tests.test_skillflow_backend.TestCareers" name="test_list_careers" time="0.088" /><testcase classname="tests.test_skillflow_backend.TestAIChat" name="test_ai_chat_stream_arithmetic" time="2.794" /><testcase classname="tests.test_skillflow_backend.TestCareers" name="test_career_match" time="1.348" /><testcase classname="tests.test_skillflow_backend.TestDashboard" name="test_dashboard" time="0.044" /><testcase classname="tests.test_skillflow_backend.TestOpportunities" name="test_opportunities_list" time="0.040"><failure message="AssertionError: assert 'title' in {'id': 'o9', 'role': 'Google Summer of Code', 'company': 'Open Source Orgs', 'type': 'Internship', ...}">backend/tests/test_skillflow_backend.py:153: in test_opportunities_list
    assert k in o
E   AssertionError: assert 'title' in {'id': 'o9', 'role': 'Google Summer of Code', 'company': 'Open Source Orgs', 'type': 'Internship', ...}</failure></testcase><testcase classname="tests.test_skillflow_backend.TestProgress" name="test_progress" time="0.040" /><testcase classname="tests.test_skillflow_backend.TestAIChat" name="test_ai_chat_stream_career" time="1.440" /><testcase classname="tests.test_skillflow_backend.TestSkillGap" name="test_skill_gap" time="0.044" /></testsuite></testsuites>